{
  "RSpec": {
    "coverage": {
      "/Users/adiacovo/Desktop/FoodBlog/CurtissEFrankDiningHallFoodBlog/app/models/user.rb": [
        1,
        null,
        null,
        1,
        null,
        1,
        1,
        null
      ],
      "/Users/adiacovo/Desktop/FoodBlog/CurtissEFrankDiningHallFoodBlog/app/models/application_record.rb": [
        1,
        1,
        null
      ],
      "/Users/adiacovo/Desktop/FoodBlog/CurtissEFrankDiningHallFoodBlog/app/helpers/application_helper.rb": [
        1,
        null
      ],
      "/Users/adiacovo/Desktop/FoodBlog/CurtissEFrankDiningHallFoodBlog/app/helpers/blog_posts_helper.rb": [
        1,
        null
      ],
      "/Users/adiacovo/Desktop/FoodBlog/CurtissEFrankDiningHallFoodBlog/app/helpers/comments_helper.rb": [
        1,
        null
      ],
      "/Users/adiacovo/Desktop/FoodBlog/CurtissEFrankDiningHallFoodBlog/app/controllers/comments_controller.rb": [
        1,
        1,
        0,
        0,
        0,
        null,
        0,
        0,
        0,
        null,
        null,
        0,
        0,
        null,
        0,
        null,
        null,
        null,
        null,
        1,
        1,
        0,
        null,
        null
      ],
      "/Users/adiacovo/Desktop/FoodBlog/CurtissEFrankDiningHallFoodBlog/app/controllers/application_controller.rb": [
        1,
        null
      ],
      "/Users/adiacovo/Desktop/FoodBlog/CurtissEFrankDiningHallFoodBlog/app/models/blog_post.rb": [
        1,
        1,
        1,
        1,
        null
      ],
      "/Users/adiacovo/Desktop/FoodBlog/CurtissEFrankDiningHallFoodBlog/app/models/comment.rb": [
        1,
        1,
        1,
        null
      ],
      "/Users/adiacovo/Desktop/FoodBlog/CurtissEFrankDiningHallFoodBlog/app/mailers/application_mailer.rb": [
        0,
        0,
        0,
        0
      ],
      "/Users/adiacovo/Desktop/FoodBlog/CurtissEFrankDiningHallFoodBlog/app/jobs/application_job.rb": [
        0,
        0
      ],
      "/Users/adiacovo/Desktop/FoodBlog/CurtissEFrankDiningHallFoodBlog/app/controllers/blog_posts_controller.rb": [
        0,
        null,
        0,
        null,
        0,
        0,
        0,
        null,
        0,
        0,
        0,
        0,
        0,
        null,
        0,
        0,
        0,
        0,
        null,
        0,
        0,
        0,
        0,
        null,
        0,
        0,
        0,
        0,
        0,
        0,
        0,
        0,
        0,
        0,
        0,
        0,
        0,
        null,
        0,
        0,
        0,
        0,
        0,
        0,
        0,
        0,
        0,
        0,
        0,
        null,
        0,
        0,
        0,
        null,
        0,
        0,
        0,
        0,
        0,
        0,
        0,
        0,
        0,
        0,
        0,
        0,
        0,
        0,
        0,
        0,
        0,
        0,
        0,
        0,
        null,
        0,
        0,
        0,
        0,
        0
      ],
      "/Users/adiacovo/Desktop/FoodBlog/CurtissEFrankDiningHallFoodBlog/app/channels/application_cable/connection.rb": [
        0,
        0,
        0,
        0
      ],
      "/Users/adiacovo/Desktop/FoodBlog/CurtissEFrankDiningHallFoodBlog/app/channels/application_cable/channel.rb": [
        0,
        0,
        0,
        0
      ]
    },
    "timestamp": 1555707416
  },
  "Cucumber Features": {
    "coverage": {
      "/Users/adiacovo/Desktop/FoodBlog/CurtissEFrankDiningHallFoodBlog/app/models/user.rb": [
        1,
        null,
        null,
        1,
        null,
        1,
        1,
        null
      ],
      "/Users/adiacovo/Desktop/FoodBlog/CurtissEFrankDiningHallFoodBlog/app/models/application_record.rb": [
        1,
        1,
        null
      ],
      "/Users/adiacovo/Desktop/FoodBlog/CurtissEFrankDiningHallFoodBlog/app/controllers/blog_posts_controller.rb": [
        1,
        null,
        1,
        null,
        1,
        0,
        null,
        null,
        1,
        0,
        0,
        0,
        null,
        null,
        1,
        0,
        0,
        null,
        null,
        1,
        0,
        0,
        null,
        null,
        1,
        0,
        0,
        0,
        0,
        0,
        0,
        null,
        null,
        0,
        0,
        null,
        null,
        null,
        1,
        0,
        0,
        0,
        0,
        0,
        null,
        0,
        0,
        null,
        null,
        null,
        1,
        0,
        0,
        null,
        0,
        0,
        0,
        0,
        0,
        0,
        0,
        0,
        0,
        0,
        0,
        0,
        0,
        0,
        0,
        null,
        0,
        0,
        null,
        null,
        null,
        1,
        1,
        0,
        null,
        null
      ],
      "/Users/adiacovo/Desktop/FoodBlog/CurtissEFrankDiningHallFoodBlog/app/controllers/application_controller.rb": [
        1,
        null
      ],
      "/Users/adiacovo/Desktop/FoodBlog/CurtissEFrankDiningHallFoodBlog/app/helpers/application_helper.rb": [
        1,
        null
      ],
      "/Users/adiacovo/Desktop/FoodBlog/CurtissEFrankDiningHallFoodBlog/app/helpers/blog_posts_helper.rb": [
        1,
        null
      ],
      "/Users/adiacovo/Desktop/FoodBlog/CurtissEFrankDiningHallFoodBlog/app/helpers/comments_helper.rb": [
        1,
        null
      ],
      "/Users/adiacovo/Desktop/FoodBlog/CurtissEFrankDiningHallFoodBlog/app/models/blog_post.rb": [
        1,
        1,
        1,
        1,
        null
      ],
      "/Users/adiacovo/Desktop/FoodBlog/CurtissEFrankDiningHallFoodBlog/app/mailers/application_mailer.rb": [
        0,
        0,
        0,
        0
      ],
      "/Users/adiacovo/Desktop/FoodBlog/CurtissEFrankDiningHallFoodBlog/app/models/comment.rb": [
        0,
        0,
        0,
        0
      ],
      "/Users/adiacovo/Desktop/FoodBlog/CurtissEFrankDiningHallFoodBlog/app/jobs/application_job.rb": [
        0,
        0
      ],
      "/Users/adiacovo/Desktop/FoodBlog/CurtissEFrankDiningHallFoodBlog/app/controllers/comments_controller.rb": [
        0,
        0,
        0,
        0,
        0,
        0,
        0,
        0,
        0,
        null,
        null,
        0,
        0,
        0,
        0,
        0,
        0,
        0,
        null,
        0,
        0,
        0,
        0,
        0
      ],
      "/Users/adiacovo/Desktop/FoodBlog/CurtissEFrankDiningHallFoodBlog/app/channels/application_cable/connection.rb": [
        0,
        0,
        0,
        0
      ],
      "/Users/adiacovo/Desktop/FoodBlog/CurtissEFrankDiningHallFoodBlog/app/channels/application_cable/channel.rb": [
        0,
        0,
        0,
        0
      ]
    },
    "timestamp": 1555709082
  }
}
