{
  "RSpec": {
    "coverage": {
      "/Users/adiacovo/Desktop/FoodBlog/CurtissEFrankDiningHallFoodBlog/app/helpers/application_helper.rb": [
        1,
        null
      ],
      "/Users/adiacovo/Desktop/FoodBlog/CurtissEFrankDiningHallFoodBlog/app/helpers/blog_posts_helper.rb": [
        1,
        null
      ],
      "/Users/adiacovo/Desktop/FoodBlog/CurtissEFrankDiningHallFoodBlog/app/models/blog_post.rb": [
        1,
        null
      ],
      "/Users/adiacovo/Desktop/FoodBlog/CurtissEFrankDiningHallFoodBlog/app/models/application_record.rb": [
        1,
        1,
        null
      ],
      "/Users/adiacovo/Desktop/FoodBlog/CurtissEFrankDiningHallFoodBlog/app/mailers/application_mailer.rb": [
        0,
        0,
        0,
        0
      ],
      "/Users/adiacovo/Desktop/FoodBlog/CurtissEFrankDiningHallFoodBlog/app/jobs/application_job.rb": [
        0,
        0
      ],
      "/Users/adiacovo/Desktop/FoodBlog/CurtissEFrankDiningHallFoodBlog/app/controllers/application_controller.rb": [
        0,
        0
      ],
      "/Users/adiacovo/Desktop/FoodBlog/CurtissEFrankDiningHallFoodBlog/app/controllers/blog_posts_controller.rb": [
        0,
        null,
        0,
        0,
        0,
        null,
        0,
        0,
        0,
        null,
        0,
        0,
        0,
        null,
        0,
        0,
        0,
        null,
        0,
        0,
        0,
        0,
        null,
        0,
        0,
        0,
        0,
        0,
        0,
        0,
        0,
        0,
        0,
        0,
        null,
        0,
        0,
        0,
        0,
        0,
        0,
        0,
        0,
        0,
        0,
        0,
        0,
        0,
        0,
        null,
        0,
        0,
        null,
        0,
        0,
        0,
        0,
        0,
        0,
        0,
        0,
        0,
        0,
        0,
        0,
        0,
        0,
        0,
        0,
        0,
        0,
        0,
        0,
        null,
        0,
        0,
        0,
        0,
        0
      ],
      "/Users/adiacovo/Desktop/FoodBlog/CurtissEFrankDiningHallFoodBlog/app/channels/application_cable/connection.rb": [
        0,
        0,
        0,
        0
      ],
      "/Users/adiacovo/Desktop/FoodBlog/CurtissEFrankDiningHallFoodBlog/app/channels/application_cable/channel.rb": [
        0,
        0,
        0,
        0
      ]
    },
    "timestamp": 1554417590
  },
  "Cucumber Features": {
    "coverage": {
      "/Users/adiacovo/Desktop/FoodBlog/CurtissEFrankDiningHallFoodBlog/app/controllers/blog_posts_controller.rb": [
        1,
        null,
        1,
        2,
        null,
        null,
        1,
        1,
        null,
        null,
        1,
        0,
        null,
        null,
        1,
        9,
        null,
        null,
        1,
        2,
        null,
        null,
        1,
        0,
        0,
        0,
        0,
        0,
        null,
        0,
        0,
        null,
        null,
        null,
        1,
        0,
        0,
        0,
        0,
        null,
        null,
        1,
        1,
        1,
        1,
        1,
        1,
        null,
        null,
        1,
        5,
        null,
        5,
        1,
        1,
        4,
        1,
        1,
        3,
        1,
        1,
        2,
        1,
        1,
        1,
        1,
        1,
        null,
        0,
        0,
        null,
        null,
        null,
        1,
        1,
        6,
        null,
        null
      ],
      "/Users/adiacovo/Desktop/FoodBlog/CurtissEFrankDiningHallFoodBlog/app/controllers/application_controller.rb": [
        1,
        null
      ],
      "/Users/adiacovo/Desktop/FoodBlog/CurtissEFrankDiningHallFoodBlog/app/helpers/application_helper.rb": [
        1,
        null
      ],
      "/Users/adiacovo/Desktop/FoodBlog/CurtissEFrankDiningHallFoodBlog/app/helpers/blog_posts_helper.rb": [
        1,
        null
      ],
      "/Users/adiacovo/Desktop/FoodBlog/CurtissEFrankDiningHallFoodBlog/app/models/blog_post.rb": [
        1,
        null
      ],
      "/Users/adiacovo/Desktop/FoodBlog/CurtissEFrankDiningHallFoodBlog/app/models/application_record.rb": [
        1,
        1,
        null
      ],
      "/Users/adiacovo/Desktop/FoodBlog/CurtissEFrankDiningHallFoodBlog/app/mailers/application_mailer.rb": [
        0,
        0,
        0,
        0
      ],
      "/Users/adiacovo/Desktop/FoodBlog/CurtissEFrankDiningHallFoodBlog/app/jobs/application_job.rb": [
        0,
        0
      ],
      "/Users/adiacovo/Desktop/FoodBlog/CurtissEFrankDiningHallFoodBlog/app/channels/application_cable/connection.rb": [
        0,
        0,
        0,
        0
      ],
      "/Users/adiacovo/Desktop/FoodBlog/CurtissEFrankDiningHallFoodBlog/app/channels/application_cable/channel.rb": [
        0,
        0,
        0,
        0
      ]
    },
    "timestamp": 1554418201
  }
}
